<?xml version="1.0" encoding="UTF-8"?>
<!-- Generated by org.testng.reporters.JUnitXMLReporter -->
<testsuite ignored="0" hostname="LTIN665883" failures="0" tests="3" name="Default test" time="33.363" errors="0" timestamp="2026-05-19T17:12:53 IST">
  <testcase classname="testcases.StudyChairTest" name="testCase1" time="4.539"/>
  <testcase classname="testcases.StudyChairTest" name="testCase2" time="6.403"/>
  <testcase classname="testcases.StudyChairTest" name="testCase3" time="1.933"/>
</testsuite> <!-- Default test -->
