<?xml version="1.0" encoding="UTF-8"?>
<testng-results ignored="0" total="1" passed="1" failed="0" skipped="0">
  <reporter-output>
  </reporter-output>
  <suite started-at="2026-05-18T17:10:33 IST" name="Default suite" finished-at="2026-05-18T17:10:47 IST" duration-ms="13847">
    <groups>
    </groups>
    <test started-at="2026-05-18T17:10:33 IST" name="Default test" finished-at="2026-05-18T17:10:47 IST" duration-ms="13847">
      <class name="testcases.BaseTest">
        <test-method is-config="true" signature="setUp()[pri:0, instance:testcases.BaseTest@6025e1b6]" started-at="2026-05-18T17:10:33 IST" name="setUp" finished-at="2026-05-18T17:10:46 IST" duration-ms="12168" status="PASS">
          <reporter-output>
          </reporter-output>
        </test-method> <!-- setUp -->
        <test-method signature="testCase()[pri:0, instance:testcases.BaseTest@6025e1b6]" started-at="2026-05-18T17:10:46 IST" name="testCase" finished-at="2026-05-18T17:10:46 IST" duration-ms="7" status="PASS">
          <reporter-output>
          </reporter-output>
        </test-method> <!-- testCase -->
        <test-method is-config="true" signature="quit_Browser()[pri:0, instance:testcases.BaseTest@6025e1b6]" started-at="2026-05-18T17:10:46 IST" name="quit_Browser" finished-at="2026-05-18T17:10:47 IST" duration-ms="1630" status="PASS">
          <reporter-output>
          </reporter-output>
        </test-method> <!-- quit_Browser -->
      </class> <!-- testcases.BaseTest -->
    </test> <!-- Default test -->
  </suite> <!-- Default suite -->
</testng-results>
