<?xml version="1.0" encoding="UTF-8"?>
<testng-results ignored="0" total="3" passed="3" failed="0" skipped="0">
  <reporter-output>
  </reporter-output>
  <suite started-at="2026-05-19T17:12:19 IST" name="Default suite" finished-at="2026-05-19T17:12:53 IST" duration-ms="33363">
    <groups>
    </groups>
    <test started-at="2026-05-19T17:12:19 IST" name="Default test" finished-at="2026-05-19T17:12:53 IST" duration-ms="33363">
      <class name="testcases.StudyChairTest">
        <test-method is-config="true" signature="setUp()[pri:0, instance:testcases.StudyChairTest@1573f9fc]" started-at="2026-05-19T17:12:19 IST" name="setUp" finished-at="2026-05-19T17:12:36 IST" duration-ms="16870" status="PASS">
          <reporter-output>
          </reporter-output>
        </test-method> <!-- setUp -->
        <test-method signature="testCase1()[pri:0, instance:testcases.StudyChairTest@1573f9fc]" started-at="2026-05-19T17:12:36 IST" name="testCase1" finished-at="2026-05-19T17:12:41 IST" duration-ms="4539" status="PASS">
          <reporter-output>
          </reporter-output>
        </test-method> <!-- testCase1 -->
        <test-method signature="testCase2()[pri:0, instance:testcases.StudyChairTest@1573f9fc]" started-at="2026-05-19T17:12:41 IST" name="testCase2" finished-at="2026-05-19T17:12:47 IST" duration-ms="6403" status="PASS">
          <reporter-output>
          </reporter-output>
        </test-method> <!-- testCase2 -->
        <test-method signature="testCase3()[pri:0, instance:testcases.StudyChairTest@1573f9fc]" started-at="2026-05-19T17:12:47 IST" name="testCase3" finished-at="2026-05-19T17:12:49 IST" duration-ms="1933" status="PASS">
          <reporter-output>
          </reporter-output>
        </test-method> <!-- testCase3 -->
        <test-method is-config="true" signature="tearDown()[pri:0, instance:testcases.StudyChairTest@1573f9fc]" started-at="2026-05-19T17:12:49 IST" name="tearDown" finished-at="2026-05-19T17:12:53 IST" duration-ms="3517" status="PASS">
          <reporter-output>
          </reporter-output>
        </test-method> <!-- tearDown -->
      </class> <!-- testcases.StudyChairTest -->
    </test> <!-- Default test -->
  </suite> <!-- Default suite -->
</testng-results>
