<?xml version="1.0" encoding="UTF-8"?>
<!-- Generated by org.testng.reporters.JUnitReportReporter -->
<testsuite hostname="LTIN665883" failures="0" tests="3" name="testcases.StudyChairTest" time="12.875" errors="0" timestamp="2026-05-19T17:12:53 IST" skipped="0">
  <testcase classname="testcases.StudyChairTest" name="testCase3" time="1.933"/>
  <testcase classname="testcases.StudyChairTest" name="testCase2" time="6.403"/>
  <testcase classname="testcases.StudyChairTest" name="testCase1" time="4.539"/>
</testsuite> <!-- testcases.StudyChairTest -->
